<?xml version="1.0" encoding="UTF-8"?>
<testsuite name="powerpackage.PowerTest" tests="4" skipped="0" failures="0" errors="0" timestamp="2022-02-11T15:22:36" hostname="LAPTOP-2HLQR91B" time="0.004">
  <properties/>
  <testcase name="power_of_2_and_3_Is_SIX" classname="powerpackage.PowerTest" time="0.002"/>
  <testcase name="two_power_2_is_4" classname="powerpackage.PowerTest" time="0.0"/>
  <testcase name="twoRaised_to_one_is_2" classname="powerpackage.PowerTest" time="0.0"/>
  <testcase name="one_raised_to_one_is_one" classname="powerpackage.PowerTest" time="0.0"/>
  <system-out><![CDATA[]]></system-out>
  <system-err><![CDATA[]]></system-err>
</testsuite>
